[15:43:14] Queue content: 'RPC|Z1vUD4nTQ4we3xEl|doCheckHubStatus|1\n'
[15:43:15] Queue content: 'RPC|lAnQURXd2n5rV6wF|doShutdown|1\nRPC|g4fCItawByg4eQyP|doCheckHubStatus|1\n'
[15:43:15] Queue content: 'RPC|FDq65UjiMjbryLfU|doCheckHubStatus|1\n'
[15:43:15] Queue content: 'RPC|zRy5yCb5QZ8gN33j|doCheckHubStatus|1\n'
[15:43:16] Queue content: 'RPC|8Lm4sFKIrz9EsgxV|doShutdown|1\nRPC|w5T9MVAffrxK9fBH|doCheckHubStatus|1\n'
[15:43:16] Queue content: 'RPC|Vz2CyivHrEBDBI2Z|doCheckHubStatus|1\n'
[15:43:17] Queue content: 'RPC|gMmlqVXp6dtRX4B0|doCheckHubStatus|1\n'
[15:43:17] Queue content: 'RPC|Q43vuIWs8YZINhHj|doCheckHubStatus|1\nRPC|pROSzGctUUvXDDM6|doCheckHubStatus|1\n'
[15:43:17] Queue content: 'RPC|pROSzGctUUvXDDM6|doCheckHubStatus|1\n'
[15:43:18] Queue content: 'RPC|MOq2qEj8ZNWla4Yz|doCheckHubStatus|1\n'
[15:43:18] Queue read error: [Errno 13] Permission denied: 'C:\\PROLETARIAT\\AutoHotkey\\core\\tmp\\ipc\\rpc_requests.queue'
[15:43:18] Queue read error: [Errno 13] Permission denied: 'C:\\PROLETARIAT\\AutoHotkey\\core\\tmp\\ipc\\rpc_requests.queue'
[15:43:18] Queue read error: [Errno 13] Permission denied: 'C:\\PROLETARIAT\\AutoHotkey\\core\\tmp\\ipc\\rpc_requests.queue'
[15:43:18] Queue read error: [Errno 13] Permission denied: 'C:\\PROLETARIAT\\AutoHotkey\\core\\tmp\\ipc\\rpc_requests.queue'
[15:43:18] Queue read error: [Errno 13] Permission denied: 'C:\\PROLETARIAT\\AutoHotkey\\core\\tmp\\ipc\\rpc_requests.queue'
[15:43:18] Queue content: 'RPC|PqqZq0e1SYN1lDFW|doCheckHubStatus|1\nRPC|Qh4xC2GZotjgGKMi|doCheckHubStatus|1\n'
[15:43:18] Queue content: 'RPC|Qh4xC2GZotjgGKMi|doCheckHubStatus|1\n'
[15:43:19] Queue content: 'RPC|CHPwKXYl74md0BbF|doCheckHubStatus|1\n'
[15:43:19] Queue read error: [Errno 13] Permission denied: 'C:\\PROLETARIAT\\AutoHotkey\\core\\tmp\\ipc\\rpc_requests.queue'
[15:43:19] Queue read error: [Errno 13] Permission denied: 'C:\\PROLETARIAT\\AutoHotkey\\core\\tmp\\ipc\\rpc_requests.queue'
[15:43:19] Queue read error: [Errno 13] Permission denied: 'C:\\PROLETARIAT\\AutoHotkey\\core\\tmp\\ipc\\rpc_requests.queue'
[15:43:19] Queue read error: [Errno 13] Permission denied: 'C:\\PROLETARIAT\\AutoHotkey\\core\\tmp\\ipc\\rpc_requests.queue'
[15:43:19] Queue read error: [Errno 13] Permission denied: 'C:\\PROLETARIAT\\AutoHotkey\\core\\tmp\\ipc\\rpc_requests.queue'
[15:43:19] Queue read error: [Errno 13] Permission denied: 'C:\\PROLETARIAT\\AutoHotkey\\core\\tmp\\ipc\\rpc_requests.queue'
[15:43:19] Queue read error: [Errno 13] Permission denied: 'C:\\PROLETARIAT\\AutoHotkey\\core\\tmp\\ipc\\rpc_requests.queue'
[15:43:19] Queue content: 'RPC|k24UsfD3wXLfGY4o|doShutdown|1\nRPC|gfMPVxMRjedrbjFJ|doCheckHubStatus|1\n'
[15:43:20] Queue content: 'RPC|ohtT3v2BeyFcAQwB|doCheckHubStatus|1\n'
[15:43:21] Queue content: 'RPC|d7UdSOO45L2RvLKF|doCheckHubStatus|1\n'
[15:43:22] Check cycle 100, callbacks: ['MovePkgRight', 'doCheckHubStatus']
[15:43:30] Queue content: 'RPC|RDd54EKMUcQiHObz|doCheckHubStatus|1\n'
[15:43:31] Queue content: 'RPC|NmAdkep5d1TXgwiL|doCheckHubStatus|1\n'
[15:43:32] Queue content: 'RPC|Apmn6dinDSWRPW0d|doShutdown|1\nRPC|tHrjE2kxUeoUCLLa|doCheckHubStatus|1\n'
[15:43:32] Queue content: 'RPC|50ChWxffT3FWdTFQ|doCheckHubStatus|1\n'
[15:43:33] Queue content: 'RPC|D3NitQU87uzohURd|doCheckHubStatus|1\n'
[15:43:33] Queue content: 'RPC|t8qVkePGtx1CO975|doCheckHubStatus|1\nRPC|IzeBHXbRllNODD9C|doCheckHubStatus|1\n'
[15:43:33] Queue content: 'RPC|IzeBHXbRllNODD9C|doCheckHubStatus|1\n'
[15:55:07] Check cycle 100, callbacks: ['ping2']
[15:55:17] Queue content: 'RPC|v036NiuRsfqmVuXK|ping2|0\n'
[15:55:17] Check cycle 200, callbacks: ['ping2']
[15:55:27] Queue content: 'RPC|xZNfoKq7TSlPKwHP|ping2|0\n'
[17:31:11] Queue content: 'RPC|N9lPDeh6Xrm3Aeyw|doCheckHubStatus|1\n'
[17:31:12] Queue content: 'RPC|X18gOtV2YmD9Mehw|doShutdown|1\nRPC|qqSl2pKVswafHbkd|doCheckHubStatus|1\n'
[17:31:12] Queue content: 'RPC|J5RFiz4oaR99G7dK|doCheckHubStatus|1\n'
[17:31:13] Queue content: 'RPC|IOVkCs9GX8u0Ooou|doCheckHubStatus|1\n'
[17:31:14] Queue content: 'RPC|PK386DCKDfNEFkbL|doCheckHubStatus|1\nRPC|1O2E1RyvBwmyRnCD|doCheckHubStatus|1\n'
[17:31:14] Queue content: 'RPC|1O2E1RyvBwmyRnCD|doCheckHubStatus|1\n'
[17:31:43] Check cycle 100, callbacks: ['MovePkgRight', 'doCheckHubStatus']
[17:31:54] Check cycle 200, callbacks: ['MovePkgRight', 'doCheckHubStatus']
[17:32:04] Check cycle 300, callbacks: ['MovePkgRight', 'doCheckHubStatus']
[17:32:08] Queue content: 'RPC|RaE0E8qv9cb7tFRl|doShutdown|1\nRPC|WRY87zIBIVS6aGKe|doCheckHubStatus|1\n'
[17:32:08] Queue content: 'RPC|ZBam13WCKwfI612p|doCheckHubStatus|1\n'
[17:32:14] Queue content: 'RPC|tYTkhJgTIUcSsqY2|doCheckHubStatus|1\n'
[17:32:14] Check cycle 400, callbacks: ['MovePkgRight', 'doCheckHubStatus']
[17:32:16] Queue read error: [Errno 13] Permission denied: 'C:\\PROLETARIAT\\AutoHotkey\\core\\tmp\\ipc\\rpc_requests.queue'
[17:32:16] Queue read error: [Errno 13] Permission denied: 'C:\\PROLETARIAT\\AutoHotkey\\core\\tmp\\ipc\\rpc_requests.queue'
[17:32:16] Queue content: 'RPC|SPCkWnUvF5d59Bam|doCheckHubStatus|1\nRPC|VqkjKvbZ81wU50ea|doCheckHubStatus|1\n'
[17:32:16] Queue content: 'RPC|VqkjKvbZ81wU50ea|doCheckHubStatus|1\n'
[17:32:17] Queue content: 'RPC|xeSEQSCpA1gdejof|doCheckHubStatus|1\n'
[17:32:18] Queue read error: [Errno 13] Permission denied: 'C:\\PROLETARIAT\\AutoHotkey\\core\\tmp\\ipc\\rpc_requests.queue'
[17:32:18] Queue read error: [Errno 13] Permission denied: 'C:\\PROLETARIAT\\AutoHotkey\\core\\tmp\\ipc\\rpc_requests.queue'
[17:32:18] Queue content: 'RPC|T0xLO6WTdIQHaA4G|doCheckHubStatus|1\nRPC|YqUhZRlFPw9315r0|doCheckHubStatus|1\n'
[17:32:18] Queue content: 'RPC|YqUhZRlFPw9315r0|doCheckHubStatus|1\n'
[17:32:19] Queue content: 'RPC|B3XRaDumvB2XFYGX|doCheckHubStatus|1\n'
[17:32:20] Queue content: 'RPC|O0UmvC41UZXGMcmX|doShutdown|1\nRPC|R3IYvHZ64Xk1r6zB|doCheckHubStatus|1\n'
[17:32:20] Queue content: 'RPC|1ji2ZXyG0UreNPb5|doCheckHubStatus|1\n'
[17:32:21] Queue content: 'RPC|09MSrIPFGECkmEcF|doCheckHubStatus|1\n'
[17:32:21] Queue content: 'RPC|qXpWCu6iPJd2msdN|doShutdown|1\nRPC|0lSb07LuiSXbbshu|doCheckHubStatus|1\n'
[17:32:21] Queue content: 'RPC|LhkEL5RVAgnMTPVI|doCheckHubStatus|1\n'
[17:32:22] Queue content: 'RPC|cp6NbMiLLXPCgFXJ|doCheckHubStatus|1\n'
[17:32:22] Queue content: 'RPC|mgfLbtPgSkv27wHJ|doCheckHubStatus|1\nRPC|qDHAnPuEuyCjyGQ1|doCheckHubStatus|1\n'
[17:32:22] Queue content: 'RPC|qDHAnPuEuyCjyGQ1|doCheckHubStatus|1\n'
[17:32:23] Queue content: 'RPC|lZwo6YW73aBqw42P|doCheckHubStatus|1\n'
[17:32:24] Check cycle 500, callbacks: ['MovePkgRight', 'doCheckHubStatus']
[17:32:26] Queue content: 'RPC|jXFSGjHi1ECXUQUw|runPkgInit|0|C:\\PROLETARIAT\\AutoHotkey\\packages\\Latex\\init.ahk\n'
[17:32:27] Queue content: 'RPC|rDK1mA6TwQFCTTKI|MovePkgRight|0\n'
[17:32:34] Check cycle 600, callbacks: ['MovePkgRight', 'doCheckHubStatus']
[17:32:44] Check cycle 700, callbacks: ['MovePkgRight', 'doCheckHubStatus']
[17:32:55] Queue content: 'RPC|DZifqw36gKY26wHF|doCheckHubStatus|1\nRPC|QpOTGa5ByoLW5HmP|doCheckHubStatus|1\n'
[17:32:55] Queue content: 'RPC|QpOTGa5ByoLW5HmP|doCheckHubStatus|1\n'
[20:05:19] Queue content: 'RPC|Qrm1g8H5tFwrxJc0|doCheckHubStatus|1\nRPC|OfgiGP4hpxqN30rn|doCheckHubStatus|1\nRPC|PSmo6vJ19fghqE6S|doCheckHubStatus|1\nRPC|tW8Tk80YBYjaxZRl|doCheckHubStatus|1\nRPC|xsvyeomaFTvIfwyi|doCheckHubStatus|1\nRPC|VYqUFAja6hrI1EhL|doCheckHubStatus|1\nRPC|CRIFVuYHT15qjX6x|doCheckHubStatus|1\nRPC|ggnZVcaVWQCGebgv|doCheckHubStatus|1\nRPC|3WRWNcnIGkiL0TVL|doCheckHubStatus|1\nRPC|c3VfgbkP0yh3qlf6|doCheckHubStatus|1\nRPC|2jhhVT0lWtKg4RI5|doCheckHubStatus|1\nRPC|mkFHWyaB1LYQuh6C|doCheckHubStatus|1\n'
[20:05:20] Queue content: 'RPC|OfgiGP4hpxqN30rn|doCheckHubStatus|1\nRPC|PSmo6vJ19fghqE6S|doCheckHubStatus|1\nRPC|tW8Tk80YBYjaxZRl|doCheckHubStatus|1\nRPC|xsvyeomaFTvIfwyi|doCheckHubStatus|1\nRPC|VYqUFAja6hrI1EhL|doCheckHubStatus|1\nRPC|CRIFVuYHT15qjX6x|doCheckHubStatus|1\nRPC|ggnZVcaVWQCGebgv|doCheckHubStatus|1\nRPC|3WRWNcnIGkiL0TVL|doCheckHubStatus|1\nRPC|c3VfgbkP0yh3qlf6|doCheckHubStatus|1\nRPC|2jhhVT0lWtKg4RI5|doCheckHubStatus|1\nRPC|mkFHWyaB1LYQuh6C|doCheckHubStatus|1\n'
[20:05:20] Queue content: 'RPC|PSmo6vJ19fghqE6S|doCheckHubStatus|1\nRPC|tW8Tk80YBYjaxZRl|doCheckHubStatus|1\nRPC|xsvyeomaFTvIfwyi|doCheckHubStatus|1\nRPC|VYqUFAja6hrI1EhL|doCheckHubStatus|1\nRPC|CRIFVuYHT15qjX6x|doCheckHubStatus|1\nRPC|ggnZVcaVWQCGebgv|doCheckHubStatus|1\nRPC|3WRWNcnIGkiL0TVL|doCheckHubStatus|1\nRPC|c3VfgbkP0yh3qlf6|doCheckHubStatus|1\nRPC|2jhhVT0lWtKg4RI5|doCheckHubStatus|1\nRPC|mkFHWyaB1LYQuh6C|doCheckHubStatus|1\n'
[20:05:20] Queue content: 'RPC|tW8Tk80YBYjaxZRl|doCheckHubStatus|1\nRPC|xsvyeomaFTvIfwyi|doCheckHubStatus|1\nRPC|VYqUFAja6hrI1EhL|doCheckHubStatus|1\nRPC|CRIFVuYHT15qjX6x|doCheckHubStatus|1\nRPC|ggnZVcaVWQCGebgv|doCheckHubStatus|1\nRPC|3WRWNcnIGkiL0TVL|doCheckHubStatus|1\nRPC|c3VfgbkP0yh3qlf6|doCheckHubStatus|1\nRPC|2jhhVT0lWtKg4RI5|doCheckHubStatus|1\nRPC|mkFHWyaB1LYQuh6C|doCheckHubStatus|1\n'
[20:05:20] Queue content: 'RPC|xsvyeomaFTvIfwyi|doCheckHubStatus|1\nRPC|VYqUFAja6hrI1EhL|doCheckHubStatus|1\nRPC|CRIFVuYHT15qjX6x|doCheckHubStatus|1\nRPC|ggnZVcaVWQCGebgv|doCheckHubStatus|1\nRPC|3WRWNcnIGkiL0TVL|doCheckHubStatus|1\nRPC|c3VfgbkP0yh3qlf6|doCheckHubStatus|1\nRPC|2jhhVT0lWtKg4RI5|doCheckHubStatus|1\nRPC|mkFHWyaB1LYQuh6C|doCheckHubStatus|1\n'
[20:05:20] Queue content: 'RPC|VYqUFAja6hrI1EhL|doCheckHubStatus|1\nRPC|CRIFVuYHT15qjX6x|doCheckHubStatus|1\nRPC|ggnZVcaVWQCGebgv|doCheckHubStatus|1\nRPC|3WRWNcnIGkiL0TVL|doCheckHubStatus|1\nRPC|c3VfgbkP0yh3qlf6|doCheckHubStatus|1\nRPC|2jhhVT0lWtKg4RI5|doCheckHubStatus|1\nRPC|mkFHWyaB1LYQuh6C|doCheckHubStatus|1\n'
[20:05:20] Queue content: 'RPC|CRIFVuYHT15qjX6x|doCheckHubStatus|1\nRPC|ggnZVcaVWQCGebgv|doCheckHubStatus|1\nRPC|3WRWNcnIGkiL0TVL|doCheckHubStatus|1\nRPC|c3VfgbkP0yh3qlf6|doCheckHubStatus|1\nRPC|2jhhVT0lWtKg4RI5|doCheckHubStatus|1\nRPC|mkFHWyaB1LYQuh6C|doCheckHubStatus|1\n'
[20:05:21] Queue content: 'RPC|ggnZVcaVWQCGebgv|doCheckHubStatus|1\nRPC|3WRWNcnIGkiL0TVL|doCheckHubStatus|1\nRPC|c3VfgbkP0yh3qlf6|doCheckHubStatus|1\nRPC|2jhhVT0lWtKg4RI5|doCheckHubStatus|1\nRPC|mkFHWyaB1LYQuh6C|doCheckHubStatus|1\n'
[20:05:21] Queue content: 'RPC|3WRWNcnIGkiL0TVL|doCheckHubStatus|1\nRPC|c3VfgbkP0yh3qlf6|doCheckHubStatus|1\nRPC|2jhhVT0lWtKg4RI5|doCheckHubStatus|1\nRPC|mkFHWyaB1LYQuh6C|doCheckHubStatus|1\n'
[20:05:21] Queue content: 'RPC|c3VfgbkP0yh3qlf6|doCheckHubStatus|1\nRPC|2jhhVT0lWtKg4RI5|doCheckHubStatus|1\nRPC|mkFHWyaB1LYQuh6C|doCheckHubStatus|1\n'
[20:05:21] Queue content: 'RPC|2jhhVT0lWtKg4RI5|doCheckHubStatus|1\nRPC|mkFHWyaB1LYQuh6C|doCheckHubStatus|1\n'
[20:05:21] Queue content: 'RPC|mkFHWyaB1LYQuh6C|doCheckHubStatus|1\n'
[20:05:23] Queue content: 'RPC|YTXP0YovB6xnY3Qy|doCheckHubStatus|1\n'
[20:05:24] Queue content: 'RPC|VY8FANVmh1P7PJ29|doShutdown|1\nRPC|2Qjtcs3KscxPvEm6|doCheckHubStatus|1\n'
[20:05:24] Queue content: 'RPC|qttloxb7dPTwyXNy|doCheckHubStatus|1\n'
[20:05:25] Queue content: 'RPC|CwRihghus54yFzgi|doCheckHubStatus|1\n'
[20:05:26] Queue content: 'RPC|R4FYSJhOwcdSaa4I|doCheckHubStatus|1\nRPC|yi8oY9W2YP42T8Gc|doCheckHubStatus|1\n'
[20:05:26] Queue content: 'RPC|yi8oY9W2YP42T8Gc|doCheckHubStatus|1\n'
[20:05:27] Queue content: 'RPC|SRfvAbvrqL9WPAZC|doCheckHubStatus|1\n'
[20:05:27] Queue content: 'RPC|5Ldw3Efwqr5RbrzV|doShutdown|1\nRPC|eCNuJUyRs3IQAv6h|doCheckHubStatus|1\n'
[20:05:27] Queue content: 'RPC|d1jPcv85sLQVDbnP|doCheckHubStatus|1\n'
[20:05:29] Queue content: 'RPC|bzhcrL5yHuS52ijG|doCheckHubStatus|1\n'
[20:05:30] Queue content: 'RPC|06zQgOtLcE4zCSsM|runPkgInit|0|C:\\PROLETARIAT\\AutoHotkey\\packages\\Latex\\init.ahk\n'
[20:05:30] Check cycle 100, callbacks: ['MovePkgRight', 'doCheckHubStatus']
[20:05:30] Queue content: 'RPC|7gHnMk3ekGhwfftS|MovePkgRight|0\n'
[20:05:34] Queue content: 'RPC|4Q8D2XoVHkAElPaZ|doCheckHubStatus|1\nRPC|gHABaUhHeZs7U6GB|doCheckHubStatus|1\n'
[20:05:34] Queue content: 'RPC|gHABaUhHeZs7U6GB|doCheckHubStatus|1\n'
[20:06:33] Check cycle 100, callbacks: ['MovePkgRight', 'doCheckHubStatus']
[20:06:43] Check cycle 200, callbacks: ['MovePkgRight', 'doCheckHubStatus']
[20:06:53] Check cycle 300, callbacks: ['MovePkgRight', 'doCheckHubStatus']
[20:07:03] Check cycle 400, callbacks: ['MovePkgRight', 'doCheckHubStatus']
[20:07:13] Check cycle 500, callbacks: ['MovePkgRight', 'doCheckHubStatus']
[20:07:24] Check cycle 600, callbacks: ['MovePkgRight', 'doCheckHubStatus']
[20:07:34] Check cycle 700, callbacks: ['MovePkgRight', 'doCheckHubStatus']
[20:07:44] Check cycle 800, callbacks: ['MovePkgRight', 'doCheckHubStatus']
[20:07:54] Check cycle 900, callbacks: ['MovePkgRight', 'doCheckHubStatus']
[20:08:04] Check cycle 1000, callbacks: ['MovePkgRight', 'doCheckHubStatus']
[20:08:14] Check cycle 1100, callbacks: ['MovePkgRight', 'doCheckHubStatus']
[20:08:25] Check cycle 1200, callbacks: ['MovePkgRight', 'doCheckHubStatus']
[20:08:35] Check cycle 1300, callbacks: ['MovePkgRight', 'doCheckHubStatus']
[20:08:45] Check cycle 1400, callbacks: ['MovePkgRight', 'doCheckHubStatus']
[20:08:55] Check cycle 1500, callbacks: ['MovePkgRight', 'doCheckHubStatus']
[20:09:05] Check cycle 1600, callbacks: ['MovePkgRight', 'doCheckHubStatus']
[20:09:16] Check cycle 1700, callbacks: ['MovePkgRight', 'doCheckHubStatus']
[20:09:26] Check cycle 1800, callbacks: ['MovePkgRight', 'doCheckHubStatus']
[20:09:36] Check cycle 1900, callbacks: ['MovePkgRight', 'doCheckHubStatus']
[20:09:46] Check cycle 2000, callbacks: ['MovePkgRight', 'doCheckHubStatus']
[20:09:56] Check cycle 2100, callbacks: ['MovePkgRight', 'doCheckHubStatus']
[20:10:07] Check cycle 2200, callbacks: ['MovePkgRight', 'doCheckHubStatus']
[20:10:17] Check cycle 2300, callbacks: ['MovePkgRight', 'doCheckHubStatus']
[20:10:27] Check cycle 2400, callbacks: ['MovePkgRight', 'doCheckHubStatus']
[20:10:37] Check cycle 2500, callbacks: ['MovePkgRight', 'doCheckHubStatus']
[20:10:47] Check cycle 2600, callbacks: ['MovePkgRight', 'doCheckHubStatus']
[20:10:57] Check cycle 2700, callbacks: ['MovePkgRight', 'doCheckHubStatus']
[20:11:08] Check cycle 2800, callbacks: ['MovePkgRight', 'doCheckHubStatus']
[20:11:18] Check cycle 2900, callbacks: ['MovePkgRight', 'doCheckHubStatus']
[20:11:28] Check cycle 3000, callbacks: ['MovePkgRight', 'doCheckHubStatus']
[20:11:38] Check cycle 3100, callbacks: ['MovePkgRight', 'doCheckHubStatus']
[20:11:48] Check cycle 3200, callbacks: ['MovePkgRight', 'doCheckHubStatus']
[20:11:59] Check cycle 3300, callbacks: ['MovePkgRight', 'doCheckHubStatus']
[20:12:09] Check cycle 3400, callbacks: ['MovePkgRight', 'doCheckHubStatus']
[20:12:19] Check cycle 3500, callbacks: ['MovePkgRight', 'doCheckHubStatus']
[20:12:29] Check cycle 3600, callbacks: ['MovePkgRight', 'doCheckHubStatus']
[20:12:39] Check cycle 3700, callbacks: ['MovePkgRight', 'doCheckHubStatus']
[20:12:50] Check cycle 3800, callbacks: ['MovePkgRight', 'doCheckHubStatus']
[20:13:00] Check cycle 3900, callbacks: ['MovePkgRight', 'doCheckHubStatus']
[20:13:10] Check cycle 4000, callbacks: ['MovePkgRight', 'doCheckHubStatus']
[20:13:20] Check cycle 4100, callbacks: ['MovePkgRight', 'doCheckHubStatus']
[20:13:30] Check cycle 4200, callbacks: ['MovePkgRight', 'doCheckHubStatus']
[20:13:40] Check cycle 4300, callbacks: ['MovePkgRight', 'doCheckHubStatus']
[20:13:51] Check cycle 4400, callbacks: ['MovePkgRight', 'doCheckHubStatus']
[20:14:01] Check cycle 4500, callbacks: ['MovePkgRight', 'doCheckHubStatus']
[20:14:11] Check cycle 4600, callbacks: ['MovePkgRight', 'doCheckHubStatus']
[20:14:21] Check cycle 4700, callbacks: ['MovePkgRight', 'doCheckHubStatus']
[20:14:31] Check cycle 4800, callbacks: ['MovePkgRight', 'doCheckHubStatus']
[20:14:42] Check cycle 4900, callbacks: ['MovePkgRight', 'doCheckHubStatus']
[20:14:52] Check cycle 5000, callbacks: ['MovePkgRight', 'doCheckHubStatus']
[20:15:02] Check cycle 5100, callbacks: ['MovePkgRight', 'doCheckHubStatus']
[20:15:12] Check cycle 5200, callbacks: ['MovePkgRight', 'doCheckHubStatus']
[20:15:22] Check cycle 5300, callbacks: ['MovePkgRight', 'doCheckHubStatus']
[20:15:32] Check cycle 5400, callbacks: ['MovePkgRight', 'doCheckHubStatus']
[20:15:43] Check cycle 5500, callbacks: ['MovePkgRight', 'doCheckHubStatus']
[20:15:53] Check cycle 5600, callbacks: ['MovePkgRight', 'doCheckHubStatus']
[20:16:03] Check cycle 5700, callbacks: ['MovePkgRight', 'doCheckHubStatus']
[20:16:13] Check cycle 5800, callbacks: ['MovePkgRight', 'doCheckHubStatus']
[20:16:23] Check cycle 5900, callbacks: ['MovePkgRight', 'doCheckHubStatus']
[20:16:34] Check cycle 6000, callbacks: ['MovePkgRight', 'doCheckHubStatus']
[20:16:44] Check cycle 6100, callbacks: ['MovePkgRight', 'doCheckHubStatus']
[20:16:54] Check cycle 6200, callbacks: ['MovePkgRight', 'doCheckHubStatus']
[20:17:04] Check cycle 6300, callbacks: ['MovePkgRight', 'doCheckHubStatus']
[20:17:14] Check cycle 6400, callbacks: ['MovePkgRight', 'doCheckHubStatus']
[20:17:24] Check cycle 6500, callbacks: ['MovePkgRight', 'doCheckHubStatus']
[20:17:35] Check cycle 6600, callbacks: ['MovePkgRight', 'doCheckHubStatus']
[20:17:45] Check cycle 6700, callbacks: ['MovePkgRight', 'doCheckHubStatus']
[20:17:55] Check cycle 6800, callbacks: ['MovePkgRight', 'doCheckHubStatus']
[20:18:05] Check cycle 6900, callbacks: ['MovePkgRight', 'doCheckHubStatus']
[20:18:15] Check cycle 7000, callbacks: ['MovePkgRight', 'doCheckHubStatus']
[20:18:26] Check cycle 7100, callbacks: ['MovePkgRight', 'doCheckHubStatus']
[20:18:36] Check cycle 7200, callbacks: ['MovePkgRight', 'doCheckHubStatus']
[20:18:46] Check cycle 7300, callbacks: ['MovePkgRight', 'doCheckHubStatus']
[20:18:56] Check cycle 7400, callbacks: ['MovePkgRight', 'doCheckHubStatus']
[20:19:06] Check cycle 7500, callbacks: ['MovePkgRight', 'doCheckHubStatus']
[20:19:16] Check cycle 7600, callbacks: ['MovePkgRight', 'doCheckHubStatus']
[20:19:27] Check cycle 7700, callbacks: ['MovePkgRight', 'doCheckHubStatus']
[20:19:37] Check cycle 7800, callbacks: ['MovePkgRight', 'doCheckHubStatus']
[20:19:47] Check cycle 7900, callbacks: ['MovePkgRight', 'doCheckHubStatus']
[20:19:57] Check cycle 8000, callbacks: ['MovePkgRight', 'doCheckHubStatus']
[20:20:07] Check cycle 8100, callbacks: ['MovePkgRight', 'doCheckHubStatus']
[20:20:18] Check cycle 8200, callbacks: ['MovePkgRight', 'doCheckHubStatus']
[20:20:28] Check cycle 8300, callbacks: ['MovePkgRight', 'doCheckHubStatus']
[20:20:38] Check cycle 8400, callbacks: ['MovePkgRight', 'doCheckHubStatus']
[20:20:48] Check cycle 8500, callbacks: ['MovePkgRight', 'doCheckHubStatus']
[20:20:58] Check cycle 8600, callbacks: ['MovePkgRight', 'doCheckHubStatus']
[20:21:08] Check cycle 8700, callbacks: ['MovePkgRight', 'doCheckHubStatus']
[20:21:19] Check cycle 8800, callbacks: ['MovePkgRight', 'doCheckHubStatus']
[20:21:29] Check cycle 8900, callbacks: ['MovePkgRight', 'doCheckHubStatus']
[20:21:39] Check cycle 9000, callbacks: ['MovePkgRight', 'doCheckHubStatus']
[20:21:49] Check cycle 9100, callbacks: ['MovePkgRight', 'doCheckHubStatus']
[20:21:59] Check cycle 9200, callbacks: ['MovePkgRight', 'doCheckHubStatus']
[20:22:10] Check cycle 9300, callbacks: ['MovePkgRight', 'doCheckHubStatus']
[20:22:20] Check cycle 9400, callbacks: ['MovePkgRight', 'doCheckHubStatus']
[20:22:30] Check cycle 9500, callbacks: ['MovePkgRight', 'doCheckHubStatus']
[20:22:40] Check cycle 9600, callbacks: ['MovePkgRight', 'doCheckHubStatus']
[20:22:50] Check cycle 9700, callbacks: ['MovePkgRight', 'doCheckHubStatus']
[20:23:00] Check cycle 9800, callbacks: ['MovePkgRight', 'doCheckHubStatus']
[20:23:11] Check cycle 9900, callbacks: ['MovePkgRight', 'doCheckHubStatus']
[20:23:21] Check cycle 10000, callbacks: ['MovePkgRight', 'doCheckHubStatus']
[20:23:31] Check cycle 10100, callbacks: ['MovePkgRight', 'doCheckHubStatus']
[20:23:41] Check cycle 10200, callbacks: ['MovePkgRight', 'doCheckHubStatus']
[20:23:51] Check cycle 10300, callbacks: ['MovePkgRight', 'doCheckHubStatus']
[20:24:01] Check cycle 10400, callbacks: ['MovePkgRight', 'doCheckHubStatus']
[20:24:12] Check cycle 10500, callbacks: ['MovePkgRight', 'doCheckHubStatus']
[20:24:22] Check cycle 10600, callbacks: ['MovePkgRight', 'doCheckHubStatus']
[20:24:32] Check cycle 10700, callbacks: ['MovePkgRight', 'doCheckHubStatus']
[20:24:42] Check cycle 10800, callbacks: ['MovePkgRight', 'doCheckHubStatus']
[20:24:52] Check cycle 10900, callbacks: ['MovePkgRight', 'doCheckHubStatus']
[20:25:03] Check cycle 11000, callbacks: ['MovePkgRight', 'doCheckHubStatus']
[20:25:13] Check cycle 11100, callbacks: ['MovePkgRight', 'doCheckHubStatus']
[20:25:23] Check cycle 11200, callbacks: ['MovePkgRight', 'doCheckHubStatus']
[20:25:33] Check cycle 11300, callbacks: ['MovePkgRight', 'doCheckHubStatus']
[20:25:43] Check cycle 11400, callbacks: ['MovePkgRight', 'doCheckHubStatus']
[20:25:53] Check cycle 11500, callbacks: ['MovePkgRight', 'doCheckHubStatus']
[20:26:04] Check cycle 11600, callbacks: ['MovePkgRight', 'doCheckHubStatus']
[20:26:07] Queue content: 'RPC|GLXKnPDiegzmMuST|doCheckHubStatus|1\n'
[20:26:07] Queue content: 'RPC|DlMlw0YAez1P1rZU|doShutdown|1\nRPC|aPQqzZwVsY3qEPIP|doCheckHubStatus|1\n'
[20:26:07] Queue content: 'RPC|rkINKp5vtQZLCrez|doCheckHubStatus|1\n'
